<?xml version="1.0" encoding="UTF-8"?>
<!-- Generated by org.testng.reporters.JUnitReportReporter -->
<testsuite hostname="DESKTOP-7R0B1IE" failures="0" tests="1" name="Tests.BuySomething" time="27.154" errors="0" timestamp="2021-05-16T23:58:52 EEST" skipped="0">
  <testcase classname="Tests.BuySomething" name="buy" time="27.154"/>
  <system-out/>
</testsuite> <!-- Tests.BuySomething -->
